<?xml version="1.0" encoding="UTF-8"?>
<!-- Generated by org.testng.reporters.JUnitReportReporter -->
<testsuite hostname="LAPTOP-HEPN219V" failures="0" tests="2" name="NEW_FRAMES.NewTest" time="70.933" errors="0" timestamp="2022-10-31T09:54:51 IST" skipped="0">
  <testcase classname="NEW_FRAMES.NewTest" name="f" time="35.391"/>
  <system-out/>
  <testcase classname="NEW_FRAMES.NewTest" name="f" time="35.542"/>
  <system-out/>
</testsuite> <!-- NEW_FRAMES.NewTest -->
