<?xml version="1.0" encoding="UTF-8"?>
<!-- Generated by org.testng.reporters.JUnitReportReporter -->
<testsuite hostname="LAPTOP-HEPN219V" failures="0" tests="4" name="NEW_FRAMES.groups" time="0.013" errors="0" timestamp="2022-10-31T09:26:39 IST" skipped="0">
  <testcase classname="NEW_FRAMES.groups" name="tc1" time="0.008"/>
  <system-out/>
  <testcase classname="NEW_FRAMES.groups" name="tc3" time="0.002"/>
  <system-out/>
  <testcase classname="NEW_FRAMES.groups" name="tc2" time="0.002"/>
  <system-out/>
  <testcase classname="NEW_FRAMES.groups" name="tc4" time="0.001"/>
  <system-out/>
</testsuite> <!-- NEW_FRAMES.groups -->
